[34m   ____   __ __   ____  ______      ______  ____   __ __   ___   ____    ____
 |    \ |  |  | /    ||      |    |      ||    \ |  |  | /   \ |    \  /    |      
 |  _  ||  |  ||  o  ||      |    |      ||  D  )|  |  ||     ||  _  ||   __|      
 |  |  ||  _  ||     ||_|  |_|    |_|  |_||    / |  |  ||  O  ||  |  ||  |  |      
 |  |  ||  |  ||  _  |  |  |        |  |  |    \ |  :  ||     ||  |  ||  |_ |      
 |  |  ||  |  ||  |  |  |  |        |  |  |  .  \|     ||     ||  |  ||     |      
 |__|__||__|__||__|__|  |__|        |__|  |__|\_| \__,_| \___/ |__|__||___,_|      
                                                                                   
                                                                                   
 ---------------------- Script developed by nhattVim -----------------------       
  ----------------- Github: https://github.com/nhattVim ------------------         

[33m[NOTE](B[m - Adding Extra Spice in pacman.conf...


[36m[ACTION](B[m - Color is already uncommented.


[36m[ACTION](B[m - CheckSpace is already uncommented.


[36m[ACTION](B[m - VerbosePkgLists is already uncommented.


[36m[ACTION](B[m - ParallelDownloads is already uncommented.


[36m[ACTION](B[m - ILoveCandy already exists.


[36m[ACTION](B[m - Pacman.conf spicing up completed

:: Synchronizing package databases...
 core downloading...
 extra downloading...
:: Starting full system upgrade...
resolving dependencies...
looking for conflicting packages...

Package (8)         Old Version     New Version      Net Change  Download Size

extra/fontconfig    2:2.15.0-2      2:2.16.0-1         0.01 MiB       0.36 MiB
extra/foot          1.20.1-1        1.20.2-1           0.00 MiB       0.30 MiB
core/libsecret      0.21.4-1        0.21.6-1           0.01 MiB       0.18 MiB
core/linux          6.12.9.arch1-1  6.12.10.arch1-1   -0.08 MiB     137.63 MiB
core/linux-headers  6.12.9.arch1-1  6.12.10.arch1-1    0.00 MiB      26.66 MiB
extra/pango         1:1.54.0-1      1:1.56.1-1         0.02 MiB       0.41 MiB
extra/pangomm-2.48  2.54.0-1        2.56.1-1           0.01 MiB       0.11 MiB
extra/sord          0.16.16-1       0.16.18-1          0.00 MiB       0.03 MiB

Total Download Size:   165.70 MiB
Total Installed Size:  279.87 MiB
Net Upgrade Size:       -0.03 MiB

:: Proceed with installation? [Y/n] 
:: Retrieving packages...
